<?xml version="1.0" encoding="UTF-8"?>
<!-- Generated by org.testng.reporters.JUnitReportReporter -->
<testsuite skipped="0" hostname="LAPTOP-NH5V4N3E" name="com.cpcTechnoSolutions.qa.testCases.LoginPageTest" tests="4" failures="0" timestamp="11 May 2022 09:19:29 GMT" time="96.732" errors="0">
  <testcase name="loginPageTitleTest" time="9.763" classname="com.cpcTechnoSolutions.qa.testCases.LoginPageTest"/>
  <testcase name="CPClogoImageTest" time="25.008" classname="com.cpcTechnoSolutions.qa.testCases.LoginPageTest"/>
  <testcase name="RememberMeClick" time="41.253" classname="com.cpcTechnoSolutions.qa.testCases.LoginPageTest"/>
  <testcase name="loginTest" time="20.708" classname="com.cpcTechnoSolutions.qa.testCases.LoginPageTest"/>
</testsuite> <!-- com.cpcTechnoSolutions.qa.testCases.LoginPageTest -->
