<?xml version="1.0" encoding="UTF-8"?>
<!-- Generated by org.testng.reporters.JUnitReportReporter -->
<testsuite skipped="0" hostname="LAPTOP-NH5V4N3E" name="com.cpcTechnoSolutions.qa.testCases.HomePageTest" tests="7" failures="0" timestamp="28 Mar 2022 09:07:54 GMT" time="216.415" errors="0">
  <testcase name="validateHomePageTitleTest" time="25.864" classname="com.cpcTechnoSolutions.qa.testCases.HomePageTest"/>
  <testcase name="validateDashboardNameTest" time="27.550" classname="com.cpcTechnoSolutions.qa.testCases.HomePageTest"/>
  <testcase name="ValidateChangePassword" time="33.920" classname="com.cpcTechnoSolutions.qa.testCases.HomePageTest"/>
  <testcase name="ValidateEmployeesLinkTest" time="28.540" classname="com.cpcTechnoSolutions.qa.testCases.HomePageTest"/>
  <testcase name="validateClientsLinkTest" time="31.290" classname="com.cpcTechnoSolutions.qa.testCases.HomePageTest"/>
  <testcase name="validateProjectsLinkTest" time="30.482" classname="com.cpcTechnoSolutions.qa.testCases.HomePageTest"/>
  <testcase name="clickOnAdmin" time="38.769" classname="com.cpcTechnoSolutions.qa.testCases.HomePageTest"/>
</testsuite> <!-- com.cpcTechnoSolutions.qa.testCases.HomePageTest -->
