<?xml version="1.0" encoding="UTF-8"?>
<!-- Generated by org.testng.reporters.JUnitReportReporter -->
<testsuite skipped="0" hostname="LAPTOP-NH5V4N3E" name="com.cpcTechnoSolutions.qa.testCases.EmployeesPageTest" tests="5" failures="0" timestamp="28 Mar 2022 09:07:54 GMT" time="158.597" errors="0">
  <testcase name="validateEmployeePageTitleTest" time="31.344" classname="com.cpcTechnoSolutions.qa.testCases.EmployeesPageTest"/>
  <testcase name="validateListOfEmployeeTest" time="32.015" classname="com.cpcTechnoSolutions.qa.testCases.EmployeesPageTest"/>
  <testcase name="validateEmployeeSearchTest" time="31.947" classname="com.cpcTechnoSolutions.qa.testCases.EmployeesPageTest"/>
  <testcase name="validateEmployeeDropdown" time="32.111" classname="com.cpcTechnoSolutions.qa.testCases.EmployeesPageTest"/>
  <testcase name="validateEmployeeDashboard" time="31.180" classname="com.cpcTechnoSolutions.qa.testCases.EmployeesPageTest"/>
</testsuite> <!-- com.cpcTechnoSolutions.qa.testCases.EmployeesPageTest -->
